[2025-12-18 09:57:14] local.ERROR: Allowed memory size of 134217728 bytes exhausted (tried to allocate 8192 bytes) {"userId":1,"exception":"[object] (Symfony\\Component\\Debug\\Exception\\FatalErrorException(code: 1): Allowed memory size of 134217728 bytes exhausted (tried to allocate 8192 bytes) at /home/l0t4shykdrn8/public_html/casbara.himachalsociety.com/vendor/doctrine/dbal/lib/Doctrine/DBAL/Driver/PDOStatement.php:262)
[stacktrace]
#0 {main}
"} 
[2025-12-18 10:20:15] local.ERROR: Allowed memory size of 134217728 bytes exhausted (tried to allocate 8192 bytes) {"userId":1,"exception":"[object] (Symfony\\Component\\Debug\\Exception\\FatalErrorException(code: 1): Allowed memory size of 134217728 bytes exhausted (tried to allocate 8192 bytes) at /home/l0t4shykdrn8/public_html/casbara.himachalsociety.com/vendor/doctrine/dbal/lib/Doctrine/DBAL/Driver/PDOStatement.php:262)
[stacktrace]
#0 {main}
"} 
[2025-12-18 10:23:21] local.ERROR: Allowed memory size of 134217728 bytes exhausted (tried to allocate 8192 bytes) {"userId":1,"exception":"[object] (Symfony\\Component\\Debug\\Exception\\FatalErrorException(code: 1): Allowed memory size of 134217728 bytes exhausted (tried to allocate 8192 bytes) at /home/l0t4shykdrn8/public_html/casbara.himachalsociety.com/vendor/doctrine/dbal/lib/Doctrine/DBAL/Driver/PDOStatement.php:262)
[stacktrace]
#0 {main}
"} 
[2025-12-18 10:23:24] local.ERROR: Allowed memory size of 134217728 bytes exhausted (tried to allocate 8192 bytes) {"userId":1,"exception":"[object] (Symfony\\Component\\Debug\\Exception\\FatalErrorException(code: 1): Allowed memory size of 134217728 bytes exhausted (tried to allocate 8192 bytes) at /home/l0t4shykdrn8/public_html/casbara.himachalsociety.com/vendor/doctrine/dbal/lib/Doctrine/DBAL/Driver/PDOStatement.php:262)
[stacktrace]
#0 {main}
"} 
[2025-12-18 10:45:08] local.ERROR: Allowed memory size of 134217728 bytes exhausted (tried to allocate 8192 bytes) {"userId":1,"exception":"[object] (Symfony\\Component\\Debug\\Exception\\FatalErrorException(code: 1): Allowed memory size of 134217728 bytes exhausted (tried to allocate 8192 bytes) at /home/l0t4shykdrn8/public_html/casbara.himachalsociety.com/vendor/doctrine/dbal/lib/Doctrine/DBAL/Driver/PDOStatement.php:262)
[stacktrace]
#0 {main}
"} 
[2025-12-18 10:46:38] local.ERROR: Allowed memory size of 134217728 bytes exhausted (tried to allocate 8192 bytes) {"userId":1,"exception":"[object] (Symfony\\Component\\Debug\\Exception\\FatalErrorException(code: 1): Allowed memory size of 134217728 bytes exhausted (tried to allocate 8192 bytes) at /home/l0t4shykdrn8/public_html/casbara.himachalsociety.com/vendor/doctrine/dbal/lib/Doctrine/DBAL/Driver/PDOStatement.php:262)
[stacktrace]
#0 {main}
"} 
[2025-12-18 10:47:35] local.ERROR: Allowed memory size of 134217728 bytes exhausted (tried to allocate 8192 bytes) {"userId":1,"exception":"[object] (Symfony\\Component\\Debug\\Exception\\FatalErrorException(code: 1): Allowed memory size of 134217728 bytes exhausted (tried to allocate 8192 bytes) at /home/l0t4shykdrn8/public_html/casbara.himachalsociety.com/vendor/doctrine/dbal/lib/Doctrine/DBAL/Driver/PDOStatement.php:262)
[stacktrace]
#0 {main}
"} 
[2025-12-18 10:50:41] local.ERROR: Allowed memory size of 134217728 bytes exhausted (tried to allocate 8192 bytes) {"userId":1,"exception":"[object] (Symfony\\Component\\Debug\\Exception\\FatalErrorException(code: 1): Allowed memory size of 134217728 bytes exhausted (tried to allocate 8192 bytes) at /home/l0t4shykdrn8/public_html/casbara.himachalsociety.com/vendor/doctrine/dbal/lib/Doctrine/DBAL/Driver/PDOStatement.php:262)
[stacktrace]
#0 {main}
"} 
[2025-12-18 14:07:20] local.ERROR: Allowed memory size of 134217728 bytes exhausted (tried to allocate 8192 bytes) {"userId":1,"exception":"[object] (Symfony\\Component\\Debug\\Exception\\FatalErrorException(code: 1): Allowed memory size of 134217728 bytes exhausted (tried to allocate 8192 bytes) at /home/l0t4shykdrn8/public_html/casbara.himachalsociety.com/vendor/doctrine/dbal/lib/Doctrine/DBAL/Driver/PDOStatement.php:262)
[stacktrace]
#0 {main}
"} 
[2025-12-18 14:08:13] local.ERROR: Allowed memory size of 134217728 bytes exhausted (tried to allocate 8192 bytes) {"userId":1,"exception":"[object] (Symfony\\Component\\Debug\\Exception\\FatalErrorException(code: 1): Allowed memory size of 134217728 bytes exhausted (tried to allocate 8192 bytes) at /home/l0t4shykdrn8/public_html/casbara.himachalsociety.com/vendor/doctrine/dbal/lib/Doctrine/DBAL/Driver/PDOStatement.php:262)
[stacktrace]
#0 {main}
"} 
[2025-12-18 14:08:45] local.ERROR: Allowed memory size of 134217728 bytes exhausted (tried to allocate 8192 bytes) {"userId":1,"exception":"[object] (Symfony\\Component\\Debug\\Exception\\FatalErrorException(code: 1): Allowed memory size of 134217728 bytes exhausted (tried to allocate 8192 bytes) at /home/l0t4shykdrn8/public_html/casbara.himachalsociety.com/vendor/doctrine/dbal/lib/Doctrine/DBAL/Driver/PDOStatement.php:262)
[stacktrace]
#0 {main}
"} 
[2025-12-18 14:08:48] local.ERROR: Allowed memory size of 134217728 bytes exhausted (tried to allocate 8192 bytes) {"userId":1,"exception":"[object] (Symfony\\Component\\Debug\\Exception\\FatalErrorException(code: 1): Allowed memory size of 134217728 bytes exhausted (tried to allocate 8192 bytes) at /home/l0t4shykdrn8/public_html/casbara.himachalsociety.com/vendor/doctrine/dbal/lib/Doctrine/DBAL/Driver/PDOStatement.php:262)
[stacktrace]
#0 {main}
"} 
[2025-12-18 14:08:52] local.ERROR: Allowed memory size of 134217728 bytes exhausted (tried to allocate 8192 bytes) {"userId":1,"exception":"[object] (Symfony\\Component\\Debug\\Exception\\FatalErrorException(code: 1): Allowed memory size of 134217728 bytes exhausted (tried to allocate 8192 bytes) at /home/l0t4shykdrn8/public_html/casbara.himachalsociety.com/vendor/doctrine/dbal/lib/Doctrine/DBAL/Driver/PDOStatement.php:262)
[stacktrace]
#0 {main}
"} 
[2025-12-18 16:44:53] local.ERROR: Trying to get property 'name' of non-object {"userId":1,"exception":"[object] (ErrorException(code: 0): Trying to get property 'name' of non-object at /home/l0t4shykdrn8/public_html/casbara.himachalsociety.com/app/Http/Controllers/Transaction/voucherController.php:140)
[stacktrace]
#0 /home/l0t4shykdrn8/public_html/casbara.himachalsociety.com/app/Http/Controllers/Transaction/voucherController.php(140): Illuminate\\Foundation\\Bootstrap\\HandleExceptions->handleError(8, 'Trying to get p...', '/home/l0t4shykd...', 140, Array)
#1 [internal function]: App\\Http\\Controllers\\Transaction\\voucherController->store(Object(Illuminate\\Http\\Request))
#2 /home/l0t4shykdrn8/public_html/casbara.himachalsociety.com/vendor/laravel/framework/src/Illuminate/Routing/Controller.php(54): call_user_func_array(Array, Array)
#3 /home/l0t4shykdrn8/public_html/casbara.himachalsociety.com/vendor/laravel/framework/src/Illuminate/Routing/ControllerDispatcher.php(45): Illuminate\\Routing\\Controller->callAction('store', Array)
#4 /home/l0t4shykdrn8/public_html/casbara.himachalsociety.com/vendor/laravel/framework/src/Illuminate/Routing/Route.php(219): Illuminate\\Routing\\ControllerDispatcher->dispatch(Object(Illuminate\\Routing\\Route), Object(App\\Http\\Controllers\\Transaction\\voucherController), 'store')
#5 /home/l0t4shykdrn8/public_html/casbara.himachalsociety.com/vendor/laravel/framework/src/Illuminate/Routing/Route.php(176): Illuminate\\Routing\\Route->runController()
#6 /home/l0t4shykdrn8/public_html/casbara.himachalsociety.com/vendor/laravel/framework/src/Illuminate/Routing/Router.php(680): Illuminate\\Routing\\Route->run()
#7 /home/l0t4shykdrn8/public_html/casbara.himachalsociety.com/vendor/laravel/framework/src/Illuminate/Routing/Pipeline.php(30): Illuminate\\Routing\\Router->Illuminate\\Routing\\{closure}(Object(Illuminate\\Http\\Request))
#8 /home/l0t4shykdrn8/public_html/casbara.himachalsociety.com/vendor/spatie/laravel-permission/src/Middlewares/PermissionMiddleware.php(22): Illuminate\\Routing\\Pipeline->Illuminate\\Routing\\{closure}(Object(Illuminate\\Http\\Request))
#9 /home/l0t4shykdrn8/public_html/casbara.himachalsociety.com/vendor/laravel/framework/src/Illuminate/Pipeline/Pipeline.php(163): Spatie\\Permission\\Middlewares\\PermissionMiddleware->handle(Object(Illuminate\\Http\\Request), Object(Closure), 'product-create')
#10 /home/l0t4shykdrn8/public_html/casbara.himachalsociety.com/vendor/laravel/framework/src/Illuminate/Routing/Pipeline.php(53): Illuminate\\Pipeline\\Pipeline->Illuminate\\Pipeline\\{closure}(Object(Illuminate\\Http\\Request))
#11 /home/l0t4shykdrn8/public_html/casbara.himachalsociety.com/vendor/laravel/framework/src/Illuminate/Routing/Middleware/SubstituteBindings.php(41): Illuminate\\Routing\\Pipeline->Illuminate\\Routing\\{closure}(Object(Illuminate\\Http\\Request))
#12 /home/l0t4shykdrn8/public_html/casbara.himachalsociety.com/vendor/laravel/framework/src/Illuminate/Pipeline/Pipeline.php(163): Illuminate\\Routing\\Middleware\\SubstituteBindings->handle(Object(Illuminate\\Http\\Request), Object(Closure))
#13 /home/l0t4shykdrn8/public_html/casbara.himachalsociety.com/vendor/laravel/framework/src/Illuminate/Routing/Pipeline.php(53): Illuminate\\Pipeline\\Pipeline->Illuminate\\Pipeline\\{closure}(Object(Illuminate\\Http\\Request))
#14 /home/l0t4shykdrn8/public_html/casbara.himachalsociety.com/vendor/laravel/framework/src/Illuminate/Auth/Middleware/Authenticate.php(43): Illuminate\\Routing\\Pipeline->Illuminate\\Routing\\{closure}(Object(Illuminate\\Http\\Request))
#15 /home/l0t4shykdrn8/public_html/casbara.himachalsociety.com/vendor/laravel/framework/src/Illuminate/Pipeline/Pipeline.php(163): Illuminate\\Auth\\Middleware\\Authenticate->handle(Object(Illuminate\\Http\\Request), Object(Closure))
#16 /home/l0t4shykdrn8/public_html/casbara.himachalsociety.com/vendor/laravel/framework/src/Illuminate/Routing/Pipeline.php(53): Illuminate\\Pipeline\\Pipeline->Illuminate\\Pipeline\\{closure}(Object(Illuminate\\Http\\Request))
#17 /home/l0t4shykdrn8/public_html/casbara.himachalsociety.com/vendor/laravel/framework/src/Illuminate/Foundation/Http/Middleware/VerifyCsrfToken.php(75): Illuminate\\Routing\\Pipeline->Illuminate\\Routing\\{closure}(Object(Illuminate\\Http\\Request))
#18 /home/l0t4shykdrn8/public_html/casbara.himachalsociety.com/vendor/laravel/framework/src/Illuminate/Pipeline/Pipeline.php(163): Illuminate\\Foundation\\Http\\Middleware\\VerifyCsrfToken->handle(Object(Illuminate\\Http\\Request), Object(Closure))
#19 /home/l0t4shykdrn8/public_html/casbara.himachalsociety.com/vendor/laravel/framework/src/Illuminate/Routing/Pipeline.php(53): Illuminate\\Pipeline\\Pipeline->Illuminate\\Pipeline\\{closure}(Object(Illuminate\\Http\\Request))
#20 /home/l0t4shykdrn8/public_html/casbara.himachalsociety.com/vendor/laravel/framework/src/Illuminate/View/Middleware/ShareErrorsFromSession.php(49): Illuminate\\Routing\\Pipeline->Illuminate\\Routing\\{closure}(Object(Illuminate\\Http\\Request))
#21 /home/l0t4shykdrn8/public_html/casbara.himachalsociety.com/vendor/laravel/framework/src/Illuminate/Pipeline/Pipeline.php(163): Illuminate\\View\\Middleware\\ShareErrorsFromSession->handle(Object(Illuminate\\Http\\Request), Object(Closure))
#22 /home/l0t4shykdrn8/public_html/casbara.himachalsociety.com/vendor/laravel/framework/src/Illuminate/Routing/Pipeline.php(53): Illuminate\\Pipeline\\Pipeline->Illuminate\\Pipeline\\{closure}(Object(Illuminate\\Http\\Request))
#23 /home/l0t4shykdrn8/public_html/casbara.himachalsociety.com/vendor/laravel/framework/src/Illuminate/Session/Middleware/StartSession.php(56): Illuminate\\Routing\\Pipeline->Illuminate\\Routing\\{closure}(Object(Illuminate\\Http\\Request))
#24 /home/l0t4shykdrn8/public_html/casbara.himachalsociety.com/vendor/laravel/framework/src/Illuminate/Pipeline/Pipeline.php(163): Illuminate\\Session\\Middleware\\StartSession->handle(Object(Illuminate\\Http\\Request), Object(Closure))
#25 /home/l0t4shykdrn8/public_html/casbara.himachalsociety.com/vendor/laravel/framework/src/Illuminate/Routing/Pipeline.php(53): Illuminate\\Pipeline\\Pipeline->Illuminate\\Pipeline\\{closure}(Object(Illuminate\\Http\\Request))
#26 /home/l0t4shykdrn8/public_html/casbara.himachalsociety.com/vendor/laravel/framework/src/Illuminate/Cookie/Middleware/AddQueuedCookiesToResponse.php(37): Illuminate\\Routing\\Pipeline->Illuminate\\Routing\\{closure}(Object(Illuminate\\Http\\Request))
#27 /home/l0t4shykdrn8/public_html/casbara.himachalsociety.com/vendor/laravel/framework/src/Illuminate/Pipeline/Pipeline.php(163): Illuminate\\Cookie\\Middleware\\AddQueuedCookiesToResponse->handle(Object(Illuminate\\Http\\Request), Object(Closure))
#28 /home/l0t4shykdrn8/public_html/casbara.himachalsociety.com/vendor/laravel/framework/src/Illuminate/Routing/Pipeline.php(53): Illuminate\\Pipeline\\Pipeline->Illuminate\\Pipeline\\{closure}(Object(Illuminate\\Http\\Request))
#29 /home/l0t4shykdrn8/public_html/casbara.himachalsociety.com/vendor/laravel/framework/src/Illuminate/Cookie/Middleware/EncryptCookies.php(66): Illuminate\\Routing\\Pipeline->Illuminate\\Routing\\{closure}(Object(Illuminate\\Http\\Request))
#30 /home/l0t4shykdrn8/public_html/casbara.himachalsociety.com/vendor/laravel/framework/src/Illuminate/Pipeline/Pipeline.php(163): Illuminate\\Cookie\\Middleware\\EncryptCookies->handle(Object(Illuminate\\Http\\Request), Object(Closure))
#31 /home/l0t4shykdrn8/public_html/casbara.himachalsociety.com/vendor/laravel/framework/src/Illuminate/Routing/Pipeline.php(53): Illuminate\\Pipeline\\Pipeline->Illuminate\\Pipeline\\{closure}(Object(Illuminate\\Http\\Request))
#32 /home/l0t4shykdrn8/public_html/casbara.himachalsociety.com/vendor/laravel/framework/src/Illuminate/Pipeline/Pipeline.php(104): Illuminate\\Routing\\Pipeline->Illuminate\\Routing\\{closure}(Object(Illuminate\\Http\\Request))
#33 /home/l0t4shykdrn8/public_html/casbara.himachalsociety.com/vendor/laravel/framework/src/Illuminate/Routing/Router.php(682): Illuminate\\Pipeline\\Pipeline->then(Object(Closure))
#34 /home/l0t4shykdrn8/public_html/casbara.himachalsociety.com/vendor/laravel/framework/src/Illuminate/Routing/Router.php(657): Illuminate\\Routing\\Router->runRouteWithinStack(Object(Illuminate\\Routing\\Route), Object(Illuminate\\Http\\Request))
#35 /home/l0t4shykdrn8/public_html/casbara.himachalsociety.com/vendor/laravel/framework/src/Illuminate/Routing/Router.php(623): Illuminate\\Routing\\Router->runRoute(Object(Illuminate\\Http\\Request), Object(Illuminate\\Routing\\Route))
#36 /home/l0t4shykdrn8/public_html/casbara.himachalsociety.com/vendor/laravel/framework/src/Illuminate/Routing/Router.php(612): Illuminate\\Routing\\Router->dispatchToRoute(Object(Illuminate\\Http\\Request))
#37 /home/l0t4shykdrn8/public_html/casbara.himachalsociety.com/vendor/laravel/framework/src/Illuminate/Foundation/Http/Kernel.php(176): Illuminate\\Routing\\Router->dispatch(Object(Illuminate\\Http\\Request))
#38 /home/l0t4shykdrn8/public_html/casbara.himachalsociety.com/vendor/laravel/framework/src/Illuminate/Routing/Pipeline.php(30): Illuminate\\Foundation\\Http\\Kernel->Illuminate\\Foundation\\Http\\{closure}(Object(Illuminate\\Http\\Request))
#39 /home/l0t4shykdrn8/public_html/casbara.himachalsociety.com/vendor/fideloper/proxy/src/TrustProxies.php(57): Illuminate\\Routing\\Pipeline->Illuminate\\Routing\\{closure}(Object(Illuminate\\Http\\Request))
#40 /home/l0t4shykdrn8/public_html/casbara.himachalsociety.com/vendor/laravel/framework/src/Illuminate/Pipeline/Pipeline.php(163): Fideloper\\Proxy\\TrustProxies->handle(Object(Illuminate\\Http\\Request), Object(Closure))
#41 /home/l0t4shykdrn8/public_html/casbara.himachalsociety.com/vendor/laravel/framework/src/Illuminate/Routing/Pipeline.php(53): Illuminate\\Pipeline\\Pipeline->Illuminate\\Pipeline\\{closure}(Object(Illuminate\\Http\\Request))
#42 /home/l0t4shykdrn8/public_html/casbara.himachalsociety.com/vendor/laravel/framework/src/Illuminate/Foundation/Http/Middleware/TransformsRequest.php(21): Illuminate\\Routing\\Pipeline->Illuminate\\Routing\\{closure}(Object(Illuminate\\Http\\Request))
#43 /home/l0t4shykdrn8/public_html/casbara.himachalsociety.com/vendor/laravel/framework/src/Illuminate/Pipeline/Pipeline.php(163): Illuminate\\Foundation\\Http\\Middleware\\TransformsRequest->handle(Object(Illuminate\\Http\\Request), Object(Closure))
#44 /home/l0t4shykdrn8/public_html/casbara.himachalsociety.com/vendor/laravel/framework/src/Illuminate/Routing/Pipeline.php(53): Illuminate\\Pipeline\\Pipeline->Illuminate\\Pipeline\\{closure}(Object(Illuminate\\Http\\Request))
#45 /home/l0t4shykdrn8/public_html/casbara.himachalsociety.com/vendor/laravel/framework/src/Illuminate/Foundation/Http/Middleware/TransformsRequest.php(21): Illuminate\\Routing\\Pipeline->Illuminate\\Routing\\{closure}(Object(Illuminate\\Http\\Request))
#46 /home/l0t4shykdrn8/public_html/casbara.himachalsociety.com/vendor/laravel/framework/src/Illuminate/Pipeline/Pipeline.php(163): Illuminate\\Foundation\\Http\\Middleware\\TransformsRequest->handle(Object(Illuminate\\Http\\Request), Object(Closure))
#47 /home/l0t4shykdrn8/public_html/casbara.himachalsociety.com/vendor/laravel/framework/src/Illuminate/Routing/Pipeline.php(53): Illuminate\\Pipeline\\Pipeline->Illuminate\\Pipeline\\{closure}(Object(Illuminate\\Http\\Request))
#48 /home/l0t4shykdrn8/public_html/casbara.himachalsociety.com/vendor/laravel/framework/src/Illuminate/Foundation/Http/Middleware/ValidatePostSize.php(27): Illuminate\\Routing\\Pipeline->Illuminate\\Routing\\{closure}(Object(Illuminate\\Http\\Request))
#49 /home/l0t4shykdrn8/public_html/casbara.himachalsociety.com/vendor/laravel/framework/src/Illuminate/Pipeline/Pipeline.php(163): Illuminate\\Foundation\\Http\\Middleware\\ValidatePostSize->handle(Object(Illuminate\\Http\\Request), Object(Closure))
#50 /home/l0t4shykdrn8/public_html/casbara.himachalsociety.com/vendor/laravel/framework/src/Illuminate/Routing/Pipeline.php(53): Illuminate\\Pipeline\\Pipeline->Illuminate\\Pipeline\\{closure}(Object(Illuminate\\Http\\Request))
#51 /home/l0t4shykdrn8/public_html/casbara.himachalsociety.com/vendor/laravel/framework/src/Illuminate/Foundation/Http/Middleware/CheckForMaintenanceMode.php(62): Illuminate\\Routing\\Pipeline->Illuminate\\Routing\\{closure}(Object(Illuminate\\Http\\Request))
#52 /home/l0t4shykdrn8/public_html/casbara.himachalsociety.com/vendor/laravel/framework/src/Illuminate/Pipeline/Pipeline.php(163): Illuminate\\Foundation\\Http\\Middleware\\CheckForMaintenanceMode->handle(Object(Illuminate\\Http\\Request), Object(Closure))
#53 /home/l0t4shykdrn8/public_html/casbara.himachalsociety.com/vendor/laravel/framework/src/Illuminate/Routing/Pipeline.php(53): Illuminate\\Pipeline\\Pipeline->Illuminate\\Pipeline\\{closure}(Object(Illuminate\\Http\\Request))
#54 /home/l0t4shykdrn8/public_html/casbara.himachalsociety.com/vendor/laravel/framework/src/Illuminate/Pipeline/Pipeline.php(104): Illuminate\\Routing\\Pipeline->Illuminate\\Routing\\{closure}(Object(Illuminate\\Http\\Request))
#55 /home/l0t4shykdrn8/public_html/casbara.himachalsociety.com/vendor/laravel/framework/src/Illuminate/Foundation/Http/Kernel.php(151): Illuminate\\Pipeline\\Pipeline->then(Object(Closure))
#56 /home/l0t4shykdrn8/public_html/casbara.himachalsociety.com/vendor/laravel/framework/src/Illuminate/Foundation/Http/Kernel.php(116): Illuminate\\Foundation\\Http\\Kernel->sendRequestThroughRouter(Object(Illuminate\\Http\\Request))
#57 /home/l0t4shykdrn8/public_html/casbara.himachalsociety.com/index.php(55): Illuminate\\Foundation\\Http\\Kernel->handle(Object(Illuminate\\Http\\Request))
#58 {main}
"} 
[2025-12-18 16:44:53] local.ERROR: Trying to get property 'name' of non-object {"userId":1,"exception":"[object] (ErrorException(code: 0): Trying to get property 'name' of non-object at /home/l0t4shykdrn8/public_html/casbara.himachalsociety.com/app/Http/Controllers/Transaction/voucherController.php:140)
[stacktrace]
#0 /home/l0t4shykdrn8/public_html/casbara.himachalsociety.com/app/Http/Controllers/Transaction/voucherController.php(140): Illuminate\\Foundation\\Bootstrap\\HandleExceptions->handleError(8, 'Trying to get p...', '/home/l0t4shykd...', 140, Array)
#1 [internal function]: App\\Http\\Controllers\\Transaction\\voucherController->store(Object(Illuminate\\Http\\Request))
#2 /home/l0t4shykdrn8/public_html/casbara.himachalsociety.com/vendor/laravel/framework/src/Illuminate/Routing/Controller.php(54): call_user_func_array(Array, Array)
#3 /home/l0t4shykdrn8/public_html/casbara.himachalsociety.com/vendor/laravel/framework/src/Illuminate/Routing/ControllerDispatcher.php(45): Illuminate\\Routing\\Controller->callAction('store', Array)
#4 /home/l0t4shykdrn8/public_html/casbara.himachalsociety.com/vendor/laravel/framework/src/Illuminate/Routing/Route.php(219): Illuminate\\Routing\\ControllerDispatcher->dispatch(Object(Illuminate\\Routing\\Route), Object(App\\Http\\Controllers\\Transaction\\voucherController), 'store')
#5 /home/l0t4shykdrn8/public_html/casbara.himachalsociety.com/vendor/laravel/framework/src/Illuminate/Routing/Route.php(176): Illuminate\\Routing\\Route->runController()
#6 /home/l0t4shykdrn8/public_html/casbara.himachalsociety.com/vendor/laravel/framework/src/Illuminate/Routing/Router.php(680): Illuminate\\Routing\\Route->run()
#7 /home/l0t4shykdrn8/public_html/casbara.himachalsociety.com/vendor/laravel/framework/src/Illuminate/Routing/Pipeline.php(30): Illuminate\\Routing\\Router->Illuminate\\Routing\\{closure}(Object(Illuminate\\Http\\Request))
#8 /home/l0t4shykdrn8/public_html/casbara.himachalsociety.com/vendor/spatie/laravel-permission/src/Middlewares/PermissionMiddleware.php(22): Illuminate\\Routing\\Pipeline->Illuminate\\Routing\\{closure}(Object(Illuminate\\Http\\Request))
#9 /home/l0t4shykdrn8/public_html/casbara.himachalsociety.com/vendor/laravel/framework/src/Illuminate/Pipeline/Pipeline.php(163): Spatie\\Permission\\Middlewares\\PermissionMiddleware->handle(Object(Illuminate\\Http\\Request), Object(Closure), 'product-create')
#10 /home/l0t4shykdrn8/public_html/casbara.himachalsociety.com/vendor/laravel/framework/src/Illuminate/Routing/Pipeline.php(53): Illuminate\\Pipeline\\Pipeline->Illuminate\\Pipeline\\{closure}(Object(Illuminate\\Http\\Request))
#11 /home/l0t4shykdrn8/public_html/casbara.himachalsociety.com/vendor/laravel/framework/src/Illuminate/Routing/Middleware/SubstituteBindings.php(41): Illuminate\\Routing\\Pipeline->Illuminate\\Routing\\{closure}(Object(Illuminate\\Http\\Request))
#12 /home/l0t4shykdrn8/public_html/casbara.himachalsociety.com/vendor/laravel/framework/src/Illuminate/Pipeline/Pipeline.php(163): Illuminate\\Routing\\Middleware\\SubstituteBindings->handle(Object(Illuminate\\Http\\Request), Object(Closure))
#13 /home/l0t4shykdrn8/public_html/casbara.himachalsociety.com/vendor/laravel/framework/src/Illuminate/Routing/Pipeline.php(53): Illuminate\\Pipeline\\Pipeline->Illuminate\\Pipeline\\{closure}(Object(Illuminate\\Http\\Request))
#14 /home/l0t4shykdrn8/public_html/casbara.himachalsociety.com/vendor/laravel/framework/src/Illuminate/Auth/Middleware/Authenticate.php(43): Illuminate\\Routing\\Pipeline->Illuminate\\Routing\\{closure}(Object(Illuminate\\Http\\Request))
#15 /home/l0t4shykdrn8/public_html/casbara.himachalsociety.com/vendor/laravel/framework/src/Illuminate/Pipeline/Pipeline.php(163): Illuminate\\Auth\\Middleware\\Authenticate->handle(Object(Illuminate\\Http\\Request), Object(Closure))
#16 /home/l0t4shykdrn8/public_html/casbara.himachalsociety.com/vendor/laravel/framework/src/Illuminate/Routing/Pipeline.php(53): Illuminate\\Pipeline\\Pipeline->Illuminate\\Pipeline\\{closure}(Object(Illuminate\\Http\\Request))
#17 /home/l0t4shykdrn8/public_html/casbara.himachalsociety.com/vendor/laravel/framework/src/Illuminate/Foundation/Http/Middleware/VerifyCsrfToken.php(75): Illuminate\\Routing\\Pipeline->Illuminate\\Routing\\{closure}(Object(Illuminate\\Http\\Request))
#18 /home/l0t4shykdrn8/public_html/casbara.himachalsociety.com/vendor/laravel/framework/src/Illuminate/Pipeline/Pipeline.php(163): Illuminate\\Foundation\\Http\\Middleware\\VerifyCsrfToken->handle(Object(Illuminate\\Http\\Request), Object(Closure))
#19 /home/l0t4shykdrn8/public_html/casbara.himachalsociety.com/vendor/laravel/framework/src/Illuminate/Routing/Pipeline.php(53): Illuminate\\Pipeline\\Pipeline->Illuminate\\Pipeline\\{closure}(Object(Illuminate\\Http\\Request))
#20 /home/l0t4shykdrn8/public_html/casbara.himachalsociety.com/vendor/laravel/framework/src/Illuminate/View/Middleware/ShareErrorsFromSession.php(49): Illuminate\\Routing\\Pipeline->Illuminate\\Routing\\{closure}(Object(Illuminate\\Http\\Request))
#21 /home/l0t4shykdrn8/public_html/casbara.himachalsociety.com/vendor/laravel/framework/src/Illuminate/Pipeline/Pipeline.php(163): Illuminate\\View\\Middleware\\ShareErrorsFromSession->handle(Object(Illuminate\\Http\\Request), Object(Closure))
#22 /home/l0t4shykdrn8/public_html/casbara.himachalsociety.com/vendor/laravel/framework/src/Illuminate/Routing/Pipeline.php(53): Illuminate\\Pipeline\\Pipeline->Illuminate\\Pipeline\\{closure}(Object(Illuminate\\Http\\Request))
#23 /home/l0t4shykdrn8/public_html/casbara.himachalsociety.com/vendor/laravel/framework/src/Illuminate/Session/Middleware/StartSession.php(56): Illuminate\\Routing\\Pipeline->Illuminate\\Routing\\{closure}(Object(Illuminate\\Http\\Request))
#24 /home/l0t4shykdrn8/public_html/casbara.himachalsociety.com/vendor/laravel/framework/src/Illuminate/Pipeline/Pipeline.php(163): Illuminate\\Session\\Middleware\\StartSession->handle(Object(Illuminate\\Http\\Request), Object(Closure))
#25 /home/l0t4shykdrn8/public_html/casbara.himachalsociety.com/vendor/laravel/framework/src/Illuminate/Routing/Pipeline.php(53): Illuminate\\Pipeline\\Pipeline->Illuminate\\Pipeline\\{closure}(Object(Illuminate\\Http\\Request))
#26 /home/l0t4shykdrn8/public_html/casbara.himachalsociety.com/vendor/laravel/framework/src/Illuminate/Cookie/Middleware/AddQueuedCookiesToResponse.php(37): Illuminate\\Routing\\Pipeline->Illuminate\\Routing\\{closure}(Object(Illuminate\\Http\\Request))
#27 /home/l0t4shykdrn8/public_html/casbara.himachalsociety.com/vendor/laravel/framework/src/Illuminate/Pipeline/Pipeline.php(163): Illuminate\\Cookie\\Middleware\\AddQueuedCookiesToResponse->handle(Object(Illuminate\\Http\\Request), Object(Closure))
#28 /home/l0t4shykdrn8/public_html/casbara.himachalsociety.com/vendor/laravel/framework/src/Illuminate/Routing/Pipeline.php(53): Illuminate\\Pipeline\\Pipeline->Illuminate\\Pipeline\\{closure}(Object(Illuminate\\Http\\Request))
#29 /home/l0t4shykdrn8/public_html/casbara.himachalsociety.com/vendor/laravel/framework/src/Illuminate/Cookie/Middleware/EncryptCookies.php(66): Illuminate\\Routing\\Pipeline->Illuminate\\Routing\\{closure}(Object(Illuminate\\Http\\Request))
#30 /home/l0t4shykdrn8/public_html/casbara.himachalsociety.com/vendor/laravel/framework/src/Illuminate/Pipeline/Pipeline.php(163): Illuminate\\Cookie\\Middleware\\EncryptCookies->handle(Object(Illuminate\\Http\\Request), Object(Closure))
#31 /home/l0t4shykdrn8/public_html/casbara.himachalsociety.com/vendor/laravel/framework/src/Illuminate/Routing/Pipeline.php(53): Illuminate\\Pipeline\\Pipeline->Illuminate\\Pipeline\\{closure}(Object(Illuminate\\Http\\Request))
#32 /home/l0t4shykdrn8/public_html/casbara.himachalsociety.com/vendor/laravel/framework/src/Illuminate/Pipeline/Pipeline.php(104): Illuminate\\Routing\\Pipeline->Illuminate\\Routing\\{closure}(Object(Illuminate\\Http\\Request))
#33 /home/l0t4shykdrn8/public_html/casbara.himachalsociety.com/vendor/laravel/framework/src/Illuminate/Routing/Router.php(682): Illuminate\\Pipeline\\Pipeline->then(Object(Closure))
#34 /home/l0t4shykdrn8/public_html/casbara.himachalsociety.com/vendor/laravel/framework/src/Illuminate/Routing/Router.php(657): Illuminate\\Routing\\Router->runRouteWithinStack(Object(Illuminate\\Routing\\Route), Object(Illuminate\\Http\\Request))
#35 /home/l0t4shykdrn8/public_html/casbara.himachalsociety.com/vendor/laravel/framework/src/Illuminate/Routing/Router.php(623): Illuminate\\Routing\\Router->runRoute(Object(Illuminate\\Http\\Request), Object(Illuminate\\Routing\\Route))
#36 /home/l0t4shykdrn8/public_html/casbara.himachalsociety.com/vendor/laravel/framework/src/Illuminate/Routing/Router.php(612): Illuminate\\Routing\\Router->dispatchToRoute(Object(Illuminate\\Http\\Request))
#37 /home/l0t4shykdrn8/public_html/casbara.himachalsociety.com/vendor/laravel/framework/src/Illuminate/Foundation/Http/Kernel.php(176): Illuminate\\Routing\\Router->dispatch(Object(Illuminate\\Http\\Request))
#38 /home/l0t4shykdrn8/public_html/casbara.himachalsociety.com/vendor/laravel/framework/src/Illuminate/Routing/Pipeline.php(30): Illuminate\\Foundation\\Http\\Kernel->Illuminate\\Foundation\\Http\\{closure}(Object(Illuminate\\Http\\Request))
#39 /home/l0t4shykdrn8/public_html/casbara.himachalsociety.com/vendor/fideloper/proxy/src/TrustProxies.php(57): Illuminate\\Routing\\Pipeline->Illuminate\\Routing\\{closure}(Object(Illuminate\\Http\\Request))
#40 /home/l0t4shykdrn8/public_html/casbara.himachalsociety.com/vendor/laravel/framework/src/Illuminate/Pipeline/Pipeline.php(163): Fideloper\\Proxy\\TrustProxies->handle(Object(Illuminate\\Http\\Request), Object(Closure))
#41 /home/l0t4shykdrn8/public_html/casbara.himachalsociety.com/vendor/laravel/framework/src/Illuminate/Routing/Pipeline.php(53): Illuminate\\Pipeline\\Pipeline->Illuminate\\Pipeline\\{closure}(Object(Illuminate\\Http\\Request))
#42 /home/l0t4shykdrn8/public_html/casbara.himachalsociety.com/vendor/laravel/framework/src/Illuminate/Foundation/Http/Middleware/TransformsRequest.php(21): Illuminate\\Routing\\Pipeline->Illuminate\\Routing\\{closure}(Object(Illuminate\\Http\\Request))
#43 /home/l0t4shykdrn8/public_html/casbara.himachalsociety.com/vendor/laravel/framework/src/Illuminate/Pipeline/Pipeline.php(163): Illuminate\\Foundation\\Http\\Middleware\\TransformsRequest->handle(Object(Illuminate\\Http\\Request), Object(Closure))
#44 /home/l0t4shykdrn8/public_html/casbara.himachalsociety.com/vendor/laravel/framework/src/Illuminate/Routing/Pipeline.php(53): Illuminate\\Pipeline\\Pipeline->Illuminate\\Pipeline\\{closure}(Object(Illuminate\\Http\\Request))
#45 /home/l0t4shykdrn8/public_html/casbara.himachalsociety.com/vendor/laravel/framework/src/Illuminate/Foundation/Http/Middleware/TransformsRequest.php(21): Illuminate\\Routing\\Pipeline->Illuminate\\Routing\\{closure}(Object(Illuminate\\Http\\Request))
#46 /home/l0t4shykdrn8/public_html/casbara.himachalsociety.com/vendor/laravel/framework/src/Illuminate/Pipeline/Pipeline.php(163): Illuminate\\Foundation\\Http\\Middleware\\TransformsRequest->handle(Object(Illuminate\\Http\\Request), Object(Closure))
#47 /home/l0t4shykdrn8/public_html/casbara.himachalsociety.com/vendor/laravel/framework/src/Illuminate/Routing/Pipeline.php(53): Illuminate\\Pipeline\\Pipeline->Illuminate\\Pipeline\\{closure}(Object(Illuminate\\Http\\Request))
#48 /home/l0t4shykdrn8/public_html/casbara.himachalsociety.com/vendor/laravel/framework/src/Illuminate/Foundation/Http/Middleware/ValidatePostSize.php(27): Illuminate\\Routing\\Pipeline->Illuminate\\Routing\\{closure}(Object(Illuminate\\Http\\Request))
#49 /home/l0t4shykdrn8/public_html/casbara.himachalsociety.com/vendor/laravel/framework/src/Illuminate/Pipeline/Pipeline.php(163): Illuminate\\Foundation\\Http\\Middleware\\ValidatePostSize->handle(Object(Illuminate\\Http\\Request), Object(Closure))
#50 /home/l0t4shykdrn8/public_html/casbara.himachalsociety.com/vendor/laravel/framework/src/Illuminate/Routing/Pipeline.php(53): Illuminate\\Pipeline\\Pipeline->Illuminate\\Pipeline\\{closure}(Object(Illuminate\\Http\\Request))
#51 /home/l0t4shykdrn8/public_html/casbara.himachalsociety.com/vendor/laravel/framework/src/Illuminate/Foundation/Http/Middleware/CheckForMaintenanceMode.php(62): Illuminate\\Routing\\Pipeline->Illuminate\\Routing\\{closure}(Object(Illuminate\\Http\\Request))
#52 /home/l0t4shykdrn8/public_html/casbara.himachalsociety.com/vendor/laravel/framework/src/Illuminate/Pipeline/Pipeline.php(163): Illuminate\\Foundation\\Http\\Middleware\\CheckForMaintenanceMode->handle(Object(Illuminate\\Http\\Request), Object(Closure))
#53 /home/l0t4shykdrn8/public_html/casbara.himachalsociety.com/vendor/laravel/framework/src/Illuminate/Routing/Pipeline.php(53): Illuminate\\Pipeline\\Pipeline->Illuminate\\Pipeline\\{closure}(Object(Illuminate\\Http\\Request))
#54 /home/l0t4shykdrn8/public_html/casbara.himachalsociety.com/vendor/laravel/framework/src/Illuminate/Pipeline/Pipeline.php(104): Illuminate\\Routing\\Pipeline->Illuminate\\Routing\\{closure}(Object(Illuminate\\Http\\Request))
#55 /home/l0t4shykdrn8/public_html/casbara.himachalsociety.com/vendor/laravel/framework/src/Illuminate/Foundation/Http/Kernel.php(151): Illuminate\\Pipeline\\Pipeline->then(Object(Closure))
#56 /home/l0t4shykdrn8/public_html/casbara.himachalsociety.com/vendor/laravel/framework/src/Illuminate/Foundation/Http/Kernel.php(116): Illuminate\\Foundation\\Http\\Kernel->sendRequestThroughRouter(Object(Illuminate\\Http\\Request))
#57 /home/l0t4shykdrn8/public_html/casbara.himachalsociety.com/index.php(55): Illuminate\\Foundation\\Http\\Kernel->handle(Object(Illuminate\\Http\\Request))
#58 {main}
"} 
