[2025-12-22 11:18:24] local.ERROR: Route [daily.report.day.book.print] not defined. (View: /home/l0t4shykdrn8/public_html/casbara.himachalsociety.com/resources/views/Daily_Report/Day_Book/list2.blade.php) {"userId":1,"exception":"[object] (ErrorException(code: 0): Route [daily.report.day.book.print] not defined. (View: /home/l0t4shykdrn8/public_html/casbara.himachalsociety.com/resources/views/Daily_Report/Day_Book/list2.blade.php) at /home/l0t4shykdrn8/public_html/casbara.himachalsociety.com/vendor/laravel/framework/src/Illuminate/Routing/UrlGenerator.php:388, InvalidArgumentException(code: 0): Route [daily.report.day.book.print] not defined. at /home/l0t4shykdrn8/public_html/casbara.himachalsociety.com/vendor/laravel/framework/src/Illuminate/Routing/UrlGenerator.php:388)
[stacktrace]
#0 /home/l0t4shykdrn8/public_html/casbara.himachalsociety.com/vendor/laravel/framework/src/Illuminate/View/Engines/PhpEngine.php(45): Illuminate\\View\\Engines\\CompilerEngine->handleViewException(Object(InvalidArgumentException), 1)
#1 /home/l0t4shykdrn8/public_html/casbara.himachalsociety.com/vendor/laravel/framework/src/Illuminate/View/Engines/CompilerEngine.php(59): Illuminate\\View\\Engines\\PhpEngine->evaluatePath('/home/l0t4shykd...', Array)
#2 /home/l0t4shykdrn8/public_html/casbara.himachalsociety.com/vendor/laravel/framework/src/Illuminate/View/View.php(142): Illuminate\\View\\Engines\\CompilerEngine->get('/home/l0t4shykd...', Array)
#3 /home/l0t4shykdrn8/public_html/casbara.himachalsociety.com/vendor/laravel/framework/src/Illuminate/View/View.php(125): Illuminate\\View\\View->getContents()
#4 /home/l0t4shykdrn8/public_html/casbara.himachalsociety.com/vendor/laravel/framework/src/Illuminate/View/View.php(90): Illuminate\\View\\View->renderContents()
#5 /home/l0t4shykdrn8/public_html/casbara.himachalsociety.com/vendor/laravel/framework/src/Illuminate/Http/Response.php(42): Illuminate\\View\\View->render()
#6 /home/l0t4shykdrn8/public_html/casbara.himachalsociety.com/vendor/symfony/http-foundation/Response.php(205): Illuminate\\Http\\Response->setContent(Object(Illuminate\\View\\View))
#7 /home/l0t4shykdrn8/public_html/casbara.himachalsociety.com/vendor/laravel/framework/src/Illuminate/Routing/Router.php(748): Symfony\\Component\\HttpFoundation\\Response->__construct(Object(Illuminate\\View\\View))
#8 /home/l0t4shykdrn8/public_html/casbara.himachalsociety.com/vendor/laravel/framework/src/Illuminate/Routing/Router.php(720): Illuminate\\Routing\\Router::toResponse(Object(Illuminate\\Http\\Request), Object(Illuminate\\View\\View))
#9 /home/l0t4shykdrn8/public_html/casbara.himachalsociety.com/vendor/laravel/framework/src/Illuminate/Routing/Router.php(680): Illuminate\\Routing\\Router->prepareResponse(Object(Illuminate\\Http\\Request), Object(Illuminate\\View\\View))
#10 /home/l0t4shykdrn8/public_html/casbara.himachalsociety.com/vendor/laravel/framework/src/Illuminate/Routing/Pipeline.php(30): Illuminate\\Routing\\Router->Illuminate\\Routing\\{closure}(Object(Illuminate\\Http\\Request))
#11 /home/l0t4shykdrn8/public_html/casbara.himachalsociety.com/vendor/laravel/framework/src/Illuminate/Routing/Middleware/SubstituteBindings.php(41): Illuminate\\Routing\\Pipeline->Illuminate\\Routing\\{closure}(Object(Illuminate\\Http\\Request))
#12 /home/l0t4shykdrn8/public_html/casbara.himachalsociety.com/vendor/laravel/framework/src/Illuminate/Pipeline/Pipeline.php(163): Illuminate\\Routing\\Middleware\\SubstituteBindings->handle(Object(Illuminate\\Http\\Request), Object(Closure))
#13 /home/l0t4shykdrn8/public_html/casbara.himachalsociety.com/vendor/laravel/framework/src/Illuminate/Routing/Pipeline.php(53): Illuminate\\Pipeline\\Pipeline->Illuminate\\Pipeline\\{closure}(Object(Illuminate\\Http\\Request))
#14 /home/l0t4shykdrn8/public_html/casbara.himachalsociety.com/vendor/laravel/framework/src/Illuminate/Auth/Middleware/Authenticate.php(43): Illuminate\\Routing\\Pipeline->Illuminate\\Routing\\{closure}(Object(Illuminate\\Http\\Request))
#15 /home/l0t4shykdrn8/public_html/casbara.himachalsociety.com/vendor/laravel/framework/src/Illuminate/Pipeline/Pipeline.php(163): Illuminate\\Auth\\Middleware\\Authenticate->handle(Object(Illuminate\\Http\\Request), Object(Closure))
#16 /home/l0t4shykdrn8/public_html/casbara.himachalsociety.com/vendor/laravel/framework/src/Illuminate/Routing/Pipeline.php(53): Illuminate\\Pipeline\\Pipeline->Illuminate\\Pipeline\\{closure}(Object(Illuminate\\Http\\Request))
#17 /home/l0t4shykdrn8/public_html/casbara.himachalsociety.com/vendor/laravel/framework/src/Illuminate/Foundation/Http/Middleware/VerifyCsrfToken.php(75): Illuminate\\Routing\\Pipeline->Illuminate\\Routing\\{closure}(Object(Illuminate\\Http\\Request))
#18 /home/l0t4shykdrn8/public_html/casbara.himachalsociety.com/vendor/laravel/framework/src/Illuminate/Pipeline/Pipeline.php(163): Illuminate\\Foundation\\Http\\Middleware\\VerifyCsrfToken->handle(Object(Illuminate\\Http\\Request), Object(Closure))
#19 /home/l0t4shykdrn8/public_html/casbara.himachalsociety.com/vendor/laravel/framework/src/Illuminate/Routing/Pipeline.php(53): Illuminate\\Pipeline\\Pipeline->Illuminate\\Pipeline\\{closure}(Object(Illuminate\\Http\\Request))
#20 /home/l0t4shykdrn8/public_html/casbara.himachalsociety.com/vendor/laravel/framework/src/Illuminate/View/Middleware/ShareErrorsFromSession.php(49): Illuminate\\Routing\\Pipeline->Illuminate\\Routing\\{closure}(Object(Illuminate\\Http\\Request))
#21 /home/l0t4shykdrn8/public_html/casbara.himachalsociety.com/vendor/laravel/framework/src/Illuminate/Pipeline/Pipeline.php(163): Illuminate\\View\\Middleware\\ShareErrorsFromSession->handle(Object(Illuminate\\Http\\Request), Object(Closure))
#22 /home/l0t4shykdrn8/public_html/casbara.himachalsociety.com/vendor/laravel/framework/src/Illuminate/Routing/Pipeline.php(53): Illuminate\\Pipeline\\Pipeline->Illuminate\\Pipeline\\{closure}(Object(Illuminate\\Http\\Request))
#23 /home/l0t4shykdrn8/public_html/casbara.himachalsociety.com/vendor/laravel/framework/src/Illuminate/Session/Middleware/StartSession.php(56): Illuminate\\Routing\\Pipeline->Illuminate\\Routing\\{closure}(Object(Illuminate\\Http\\Request))
#24 /home/l0t4shykdrn8/public_html/casbara.himachalsociety.com/vendor/laravel/framework/src/Illuminate/Pipeline/Pipeline.php(163): Illuminate\\Session\\Middleware\\StartSession->handle(Object(Illuminate\\Http\\Request), Object(Closure))
#25 /home/l0t4shykdrn8/public_html/casbara.himachalsociety.com/vendor/laravel/framework/src/Illuminate/Routing/Pipeline.php(53): Illuminate\\Pipeline\\Pipeline->Illuminate\\Pipeline\\{closure}(Object(Illuminate\\Http\\Request))
#26 /home/l0t4shykdrn8/public_html/casbara.himachalsociety.com/vendor/laravel/framework/src/Illuminate/Cookie/Middleware/AddQueuedCookiesToResponse.php(37): Illuminate\\Routing\\Pipeline->Illuminate\\Routing\\{closure}(Object(Illuminate\\Http\\Request))
#27 /home/l0t4shykdrn8/public_html/casbara.himachalsociety.com/vendor/laravel/framework/src/Illuminate/Pipeline/Pipeline.php(163): Illuminate\\Cookie\\Middleware\\AddQueuedCookiesToResponse->handle(Object(Illuminate\\Http\\Request), Object(Closure))
#28 /home/l0t4shykdrn8/public_html/casbara.himachalsociety.com/vendor/laravel/framework/src/Illuminate/Routing/Pipeline.php(53): Illuminate\\Pipeline\\Pipeline->Illuminate\\Pipeline\\{closure}(Object(Illuminate\\Http\\Request))
#29 /home/l0t4shykdrn8/public_html/casbara.himachalsociety.com/vendor/laravel/framework/src/Illuminate/Cookie/Middleware/EncryptCookies.php(66): Illuminate\\Routing\\Pipeline->Illuminate\\Routing\\{closure}(Object(Illuminate\\Http\\Request))
#30 /home/l0t4shykdrn8/public_html/casbara.himachalsociety.com/vendor/laravel/framework/src/Illuminate/Pipeline/Pipeline.php(163): Illuminate\\Cookie\\Middleware\\EncryptCookies->handle(Object(Illuminate\\Http\\Request), Object(Closure))
#31 /home/l0t4shykdrn8/public_html/casbara.himachalsociety.com/vendor/laravel/framework/src/Illuminate/Routing/Pipeline.php(53): Illuminate\\Pipeline\\Pipeline->Illuminate\\Pipeline\\{closure}(Object(Illuminate\\Http\\Request))
#32 /home/l0t4shykdrn8/public_html/casbara.himachalsociety.com/vendor/laravel/framework/src/Illuminate/Pipeline/Pipeline.php(104): Illuminate\\Routing\\Pipeline->Illuminate\\Routing\\{closure}(Object(Illuminate\\Http\\Request))
#33 /home/l0t4shykdrn8/public_html/casbara.himachalsociety.com/vendor/laravel/framework/src/Illuminate/Routing/Router.php(682): Illuminate\\Pipeline\\Pipeline->then(Object(Closure))
#34 /home/l0t4shykdrn8/public_html/casbara.himachalsociety.com/vendor/laravel/framework/src/Illuminate/Routing/Router.php(657): Illuminate\\Routing\\Router->runRouteWithinStack(Object(Illuminate\\Routing\\Route), Object(Illuminate\\Http\\Request))
#35 /home/l0t4shykdrn8/public_html/casbara.himachalsociety.com/vendor/laravel/framework/src/Illuminate/Routing/Router.php(623): Illuminate\\Routing\\Router->runRoute(Object(Illuminate\\Http\\Request), Object(Illuminate\\Routing\\Route))
#36 /home/l0t4shykdrn8/public_html/casbara.himachalsociety.com/vendor/laravel/framework/src/Illuminate/Routing/Router.php(612): Illuminate\\Routing\\Router->dispatchToRoute(Object(Illuminate\\Http\\Request))
#37 /home/l0t4shykdrn8/public_html/casbara.himachalsociety.com/vendor/laravel/framework/src/Illuminate/Foundation/Http/Kernel.php(176): Illuminate\\Routing\\Router->dispatch(Object(Illuminate\\Http\\Request))
#38 /home/l0t4shykdrn8/public_html/casbara.himachalsociety.com/vendor/laravel/framework/src/Illuminate/Routing/Pipeline.php(30): Illuminate\\Foundation\\Http\\Kernel->Illuminate\\Foundation\\Http\\{closure}(Object(Illuminate\\Http\\Request))
#39 /home/l0t4shykdrn8/public_html/casbara.himachalsociety.com/vendor/fideloper/proxy/src/TrustProxies.php(57): Illuminate\\Routing\\Pipeline->Illuminate\\Routing\\{closure}(Object(Illuminate\\Http\\Request))
#40 /home/l0t4shykdrn8/public_html/casbara.himachalsociety.com/vendor/laravel/framework/src/Illuminate/Pipeline/Pipeline.php(163): Fideloper\\Proxy\\TrustProxies->handle(Object(Illuminate\\Http\\Request), Object(Closure))
#41 /home/l0t4shykdrn8/public_html/casbara.himachalsociety.com/vendor/laravel/framework/src/Illuminate/Routing/Pipeline.php(53): Illuminate\\Pipeline\\Pipeline->Illuminate\\Pipeline\\{closure}(Object(Illuminate\\Http\\Request))
#42 /home/l0t4shykdrn8/public_html/casbara.himachalsociety.com/vendor/laravel/framework/src/Illuminate/Foundation/Http/Middleware/TransformsRequest.php(21): Illuminate\\Routing\\Pipeline->Illuminate\\Routing\\{closure}(Object(Illuminate\\Http\\Request))
#43 /home/l0t4shykdrn8/public_html/casbara.himachalsociety.com/vendor/laravel/framework/src/Illuminate/Pipeline/Pipeline.php(163): Illuminate\\Foundation\\Http\\Middleware\\TransformsRequest->handle(Object(Illuminate\\Http\\Request), Object(Closure))
#44 /home/l0t4shykdrn8/public_html/casbara.himachalsociety.com/vendor/laravel/framework/src/Illuminate/Routing/Pipeline.php(53): Illuminate\\Pipeline\\Pipeline->Illuminate\\Pipeline\\{closure}(Object(Illuminate\\Http\\Request))
#45 /home/l0t4shykdrn8/public_html/casbara.himachalsociety.com/vendor/laravel/framework/src/Illuminate/Foundation/Http/Middleware/TransformsRequest.php(21): Illuminate\\Routing\\Pipeline->Illuminate\\Routing\\{closure}(Object(Illuminate\\Http\\Request))
#46 /home/l0t4shykdrn8/public_html/casbara.himachalsociety.com/vendor/laravel/framework/src/Illuminate/Pipeline/Pipeline.php(163): Illuminate\\Foundation\\Http\\Middleware\\TransformsRequest->handle(Object(Illuminate\\Http\\Request), Object(Closure))
#47 /home/l0t4shykdrn8/public_html/casbara.himachalsociety.com/vendor/laravel/framework/src/Illuminate/Routing/Pipeline.php(53): Illuminate\\Pipeline\\Pipeline->Illuminate\\Pipeline\\{closure}(Object(Illuminate\\Http\\Request))
#48 /home/l0t4shykdrn8/public_html/casbara.himachalsociety.com/vendor/laravel/framework/src/Illuminate/Foundation/Http/Middleware/ValidatePostSize.php(27): Illuminate\\Routing\\Pipeline->Illuminate\\Routing\\{closure}(Object(Illuminate\\Http\\Request))
#49 /home/l0t4shykdrn8/public_html/casbara.himachalsociety.com/vendor/laravel/framework/src/Illuminate/Pipeline/Pipeline.php(163): Illuminate\\Foundation\\Http\\Middleware\\ValidatePostSize->handle(Object(Illuminate\\Http\\Request), Object(Closure))
#50 /home/l0t4shykdrn8/public_html/casbara.himachalsociety.com/vendor/laravel/framework/src/Illuminate/Routing/Pipeline.php(53): Illuminate\\Pipeline\\Pipeline->Illuminate\\Pipeline\\{closure}(Object(Illuminate\\Http\\Request))
#51 /home/l0t4shykdrn8/public_html/casbara.himachalsociety.com/vendor/laravel/framework/src/Illuminate/Foundation/Http/Middleware/CheckForMaintenanceMode.php(62): Illuminate\\Routing\\Pipeline->Illuminate\\Routing\\{closure}(Object(Illuminate\\Http\\Request))
#52 /home/l0t4shykdrn8/public_html/casbara.himachalsociety.com/vendor/laravel/framework/src/Illuminate/Pipeline/Pipeline.php(163): Illuminate\\Foundation\\Http\\Middleware\\CheckForMaintenanceMode->handle(Object(Illuminate\\Http\\Request), Object(Closure))
#53 /home/l0t4shykdrn8/public_html/casbara.himachalsociety.com/vendor/laravel/framework/src/Illuminate/Routing/Pipeline.php(53): Illuminate\\Pipeline\\Pipeline->Illuminate\\Pipeline\\{closure}(Object(Illuminate\\Http\\Request))
#54 /home/l0t4shykdrn8/public_html/casbara.himachalsociety.com/vendor/laravel/framework/src/Illuminate/Pipeline/Pipeline.php(104): Illuminate\\Routing\\Pipeline->Illuminate\\Routing\\{closure}(Object(Illuminate\\Http\\Request))
#55 /home/l0t4shykdrn8/public_html/casbara.himachalsociety.com/vendor/laravel/framework/src/Illuminate/Foundation/Http/Kernel.php(151): Illuminate\\Pipeline\\Pipeline->then(Object(Closure))
#56 /home/l0t4shykdrn8/public_html/casbara.himachalsociety.com/vendor/laravel/framework/src/Illuminate/Foundation/Http/Kernel.php(116): Illuminate\\Foundation\\Http\\Kernel->sendRequestThroughRouter(Object(Illuminate\\Http\\Request))
#57 /home/l0t4shykdrn8/public_html/casbara.himachalsociety.com/index.php(55): Illuminate\\Foundation\\Http\\Kernel->handle(Object(Illuminate\\Http\\Request))
#58 {main}
"} 
[2025-12-22 14:21:39] local.ERROR: Allowed memory size of 134217728 bytes exhausted (tried to allocate 8192 bytes) {"userId":1,"exception":"[object] (Symfony\\Component\\Debug\\Exception\\FatalErrorException(code: 1): Allowed memory size of 134217728 bytes exhausted (tried to allocate 8192 bytes) at /home/l0t4shykdrn8/public_html/casbara.himachalsociety.com/vendor/laravel/framework/src/Illuminate/Events/Dispatcher.php:186)
[stacktrace]
#0 {main}
"} 
[2025-12-22 14:47:45] local.ERROR: Allowed memory size of 134217728 bytes exhausted (tried to allocate 8192 bytes) {"userId":1,"exception":"[object] (Symfony\\Component\\Debug\\Exception\\FatalErrorException(code: 1): Allowed memory size of 134217728 bytes exhausted (tried to allocate 8192 bytes) at /home/l0t4shykdrn8/public_html/casbara.himachalsociety.com/vendor/doctrine/dbal/lib/Doctrine/DBAL/Driver/PDOStatement.php:262)
[stacktrace]
#0 {main}
"} 
[2025-12-22 16:06:50] local.ERROR: Allowed memory size of 134217728 bytes exhausted (tried to allocate 8192 bytes) {"userId":1,"exception":"[object] (Symfony\\Component\\Debug\\Exception\\FatalErrorException(code: 1): Allowed memory size of 134217728 bytes exhausted (tried to allocate 8192 bytes) at /home/l0t4shykdrn8/public_html/casbara.himachalsociety.com/vendor/doctrine/dbal/lib/Doctrine/DBAL/Driver/PDOStatement.php:262)
[stacktrace]
#0 {main}
"} 
[2025-12-22 16:49:44] local.ERROR: Allowed memory size of 134217728 bytes exhausted (tried to allocate 8192 bytes) {"userId":1,"exception":"[object] (Symfony\\Component\\Debug\\Exception\\FatalErrorException(code: 1): Allowed memory size of 134217728 bytes exhausted (tried to allocate 8192 bytes) at /home/l0t4shykdrn8/public_html/casbara.himachalsociety.com/vendor/doctrine/dbal/lib/Doctrine/DBAL/Driver/PDOStatement.php:262)
[stacktrace]
#0 {main}
"} 
