[2025-12-10 10:24:43] local.ERROR: Allowed memory size of 134217728 bytes exhausted (tried to allocate 8192 bytes) {"userId":1,"exception":"[object] (Symfony\\Component\\Debug\\Exception\\FatalErrorException(code: 1): Allowed memory size of 134217728 bytes exhausted (tried to allocate 8192 bytes) at /home/l0t4shykdrn8/public_html/casbara.himachalsociety.com/vendor/doctrine/dbal/lib/Doctrine/DBAL/Driver/PDOStatement.php:262)
[stacktrace]
#0 {main}
"} 
[2025-12-10 10:25:06] local.ERROR: Allowed memory size of 134217728 bytes exhausted (tried to allocate 8192 bytes) {"userId":1,"exception":"[object] (Symfony\\Component\\Debug\\Exception\\FatalErrorException(code: 1): Allowed memory size of 134217728 bytes exhausted (tried to allocate 8192 bytes) at /home/l0t4shykdrn8/public_html/casbara.himachalsociety.com/vendor/doctrine/dbal/lib/Doctrine/DBAL/Driver/PDOStatement.php:262)
[stacktrace]
#0 {main}
"} 
[2025-12-10 10:45:56] local.ERROR: Allowed memory size of 134217728 bytes exhausted (tried to allocate 8192 bytes) {"userId":1,"exception":"[object] (Symfony\\Component\\Debug\\Exception\\FatalErrorException(code: 1): Allowed memory size of 134217728 bytes exhausted (tried to allocate 8192 bytes) at /home/l0t4shykdrn8/public_html/casbara.himachalsociety.com/vendor/laravel/framework/src/Illuminate/Events/Dispatcher.php:186)
[stacktrace]
#0 {main}
"} 
[2025-12-10 11:15:37] local.ERROR: Allowed memory size of 134217728 bytes exhausted (tried to allocate 8192 bytes) {"userId":1,"exception":"[object] (Symfony\\Component\\Debug\\Exception\\FatalErrorException(code: 1): Allowed memory size of 134217728 bytes exhausted (tried to allocate 8192 bytes) at /home/l0t4shykdrn8/public_html/casbara.himachalsociety.com/vendor/doctrine/dbal/lib/Doctrine/DBAL/Driver/PDOStatement.php:262)
[stacktrace]
#0 {main}
"} 
[2025-12-10 16:35:15] local.ERROR: Allowed memory size of 134217728 bytes exhausted (tried to allocate 8192 bytes) {"userId":1,"exception":"[object] (Symfony\\Component\\Debug\\Exception\\FatalErrorException(code: 1): Allowed memory size of 134217728 bytes exhausted (tried to allocate 8192 bytes) at /home/l0t4shykdrn8/public_html/casbara.himachalsociety.com/vendor/doctrine/dbal/lib/Doctrine/DBAL/Driver/PDOStatement.php:262)
[stacktrace]
#0 {main}
"} 
